{"contracts\\ChainvisionToken.sol":{"l":{"11":0,"15":0},"path":"C:\\Users\\jin_c\\Desktop\\NTU\\Sem4.1\\SC4053-BLOCKCHAIN TECHNOLOGY\\Dev_Project\\Dutch_Auction_Dev\\dutch-auction-contracts\\contracts\\ChainvisionToken.sol","s":{"1":0,"2":0},"b":{"1":[0,0],"2":[0,0]},"f":{"1":0,"2":0,"3":0},"fnMap":{"1":{"name":"constructor","line":8,"loc":{"start":{"line":8,"column":4},"end":{"line":8,"column":72}}},"2":{"name":"mintTokens","line":10,"loc":{"start":{"line":10,"column":4},"end":{"line":12,"column":4}}},"3":{"name":"burnTokens","line":14,"loc":{"start":{"line":14,"column":4},"end":{"line":16,"column":4}}}},"statementMap":{"1":{"start":{"line":11,"column":8},"end":{"line":11,"column":24}},"2":{"start":{"line":15,"column":8},"end":{"line":15,"column":26}}},"branchMap":{"1":{"line":10,"type":"if","locations":[{"start":{"line":10,"column":61},"end":{"line":10,"column":61}},{"start":{"line":10,"column":61},"end":{"line":10,"column":61}}]},"2":{"line":14,"type":"if","locations":[{"start":{"line":14,"column":63},"end":{"line":14,"column":63}},{"start":{"line":14,"column":63},"end":{"line":14,"column":63}}]}}},"contracts\\DutchAuction.sol":{"l":{"41":0,"42":0,"44":0,"45":0,"46":0,"47":0,"48":0,"52":0,"53":0,"57":0,"58":0,"62":0,"66":0,"71":0,"72":0,"73":0,"74":0,"76":0,"85":0,"90":0,"91":0,"93":0,"94":0,"96":0,"97":0,"98":0,"99":0,"101":0,"102":0,"103":0,"106":0,"107":0,"109":0,"110":0,"111":0,"112":0,"119":0,"120":0,"121":0,"124":0,"128":0,"129":0,"130":0,"131":0,"133":0,"137":0,"138":0,"139":0,"142":0,"146":0,"147":0,"148":0,"149":0,"151":0,"152":0,"155":0,"157":0,"159":0,"160":0,"161":0,"162":0,"167":0,"168":0,"170":0,"171":0,"172":0,"173":0,"178":0,"179":0,"181":0,"183":0,"185":0,"190":0,"192":0,"196":0,"197":0,"201":0,"205":0,"210":0,"214":0,"218":0,"222":0,"226":0,"230":0,"234":0},"path":"C:\\Users\\jin_c\\Desktop\\NTU\\Sem4.1\\SC4053-BLOCKCHAIN TECHNOLOGY\\Dev_Project\\Dutch_Auction_Dev\\dutch-auction-contracts\\contracts\\DutchAuction.sol","s":{"1":0,"2":0,"3":0,"4":0,"5":0,"6":0,"7":0,"8":0,"9":0,"10":0,"11":0,"12":0,"13":0,"14":0,"15":0,"16":0,"17":0,"18":0,"19":0,"20":0,"21":0,"22":0,"23":0,"24":0,"25":0,"26":0,"27":0,"28":0,"29":0,"30":0,"31":0,"32":0,"33":0,"34":0,"35":0,"36":0,"37":0,"38":0,"39":0,"40":0,"41":0,"42":0,"43":0,"44":0,"45":0,"46":0,"47":0,"48":0,"49":0,"50":0,"51":0,"52":0,"53":0,"54":0,"55":0,"56":0,"57":0,"58":0,"59":0},"b":{"1":[0,0],"2":[0,0],"3":[0,0],"4":[0,0],"5":[0,0],"6":[0,0],"7":[0,0],"8":[0,0],"9":[0,0],"10":[0,0],"11":[0,0],"12":[0,0],"13":[0,0],"14":[0,0],"15":[0,0],"16":[0,0],"17":[0,0],"18":[0,0],"19":[0,0],"20":[0,0],"21":[0,0],"22":[0,0],"23":[0,0],"24":[0,0],"25":[0,0],"26":[0,0],"27":[0,0],"28":[0,0],"29":[0,0],"30":[0,0],"31":[0,0],"32":[0,0]},"f":{"1":0,"2":0,"3":0,"4":0,"5":0,"6":0,"7":0,"8":0,"9":0,"10":0,"11":0,"12":0,"13":0,"14":0,"15":0,"16":0,"17":0,"18":0,"19":0,"20":0,"21":0},"fnMap":{"1":{"name":"constructor","line":40,"loc":{"start":{"line":40,"column":4},"end":{"line":49,"column":4}}},"2":{"name":"activeAuction","line":51,"loc":{"start":{"line":51,"column":4},"end":{"line":54,"column":4}}},"3":{"name":"notActiveAuction","line":56,"loc":{"start":{"line":56,"column":4},"end":{"line":59,"column":4}}},"4":{"name":"onlyOwnerOrInternal","line":61,"loc":{"start":{"line":61,"column":4},"end":{"line":67,"column":4}}},"5":{"name":"startAuction","line":70,"loc":{"start":{"line":70,"column":4},"end":{"line":77,"column":4}}},"6":{"name":"finalizeAuction","line":83,"loc":{"start":{"line":79,"column":4},"end":{"line":143,"column":4}}},"7":{"name":"bid","line":145,"loc":{"start":{"line":145,"column":4},"end":{"line":164,"column":4}}},"8":{"name":"getCurrentPrice","line":166,"loc":{"start":{"line":166,"column":4},"end":{"line":174,"column":4}}},"9":{"name":"withdrawTokens","line":177,"loc":{"start":{"line":177,"column":4},"end":{"line":186,"column":4}}},"10":{"name":"withdrawFunds","line":189,"loc":{"start":{"line":189,"column":4},"end":{"line":193,"column":4}}},"11":{"name":"_refundAmount","line":195,"loc":{"start":{"line":195,"column":4},"end":{"line":198,"column":4}}},"12":{"name":"_isAuctionRunning","line":200,"loc":{"start":{"line":200,"column":4},"end":{"line":202,"column":4}}},"13":{"name":"_isSupplyDepleted","line":204,"loc":{"start":{"line":204,"column":4},"end":{"line":206,"column":4}}},"14":{"name":"isAuctionActive","line":209,"loc":{"start":{"line":209,"column":4},"end":{"line":211,"column":4}}},"15":{"name":"getRemainingTime","line":213,"loc":{"start":{"line":213,"column":4},"end":{"line":215,"column":4}}},"16":{"name":"getEndTime","line":217,"loc":{"start":{"line":217,"column":4},"end":{"line":219,"column":4}}},"17":{"name":"getStartTime","line":221,"loc":{"start":{"line":221,"column":4},"end":{"line":223,"column":4}}},"18":{"name":"getestRemainingSupply","line":225,"loc":{"start":{"line":225,"column":4},"end":{"line":227,"column":4}}},"19":{"name":"getReservedToken","line":229,"loc":{"start":{"line":229,"column":4},"end":{"line":231,"column":4}}},"20":{"name":"getCurrentTimesttamp","line":233,"loc":{"start":{"line":233,"column":4},"end":{"line":235,"column":4}}},"21":{"name":"triggerDummyBlock","line":237,"loc":{"start":{"line":237,"column":4},"end":{"line":237,"column":43}}}},"statementMap":{"1":{"start":{"line":41,"column":8},"end":{"line":41,"column":77}},"2":{"start":{"line":42,"column":8},"end":{"line":42,"column":74}},"3":{"start":{"line":52,"column":8},"end":{"line":52,"column":58}},"4":{"start":{"line":57,"column":8},"end":{"line":57,"column":61}},"5":{"start":{"line":62,"column":8},"end":{"line":62,"column":1958}},"6":{"start":{"line":71,"column":8},"end":{"line":71,"column":59}},"7":{"start":{"line":76,"column":8},"end":{"line":76,"column":47}},"8":{"start":{"line":85,"column":8},"end":{"line":85,"column":2575}},"9":{"start":{"line":93,"column":8},"end":{"line":93,"column":42}},"10":{"start":{"line":94,"column":8},"end":{"line":94,"column":25}},"11":{"start":{"line":96,"column":8},"end":{"line":96,"column":2875}},"12":{"start":{"line":97,"column":12},"end":{"line":97,"column":55}},"13":{"start":{"line":98,"column":12},"end":{"line":98,"column":49}},"14":{"start":{"line":99,"column":12},"end":{"line":99,"column":43}},"15":{"start":{"line":101,"column":12},"end":{"line":101,"column":59}},"16":{"start":{"line":102,"column":12},"end":{"line":102,"column":3173}},"17":{"start":{"line":106,"column":12},"end":{"line":106,"column":56}},"18":{"start":{"line":107,"column":12},"end":{"line":107,"column":50}},"19":{"start":{"line":109,"column":12},"end":{"line":109,"column":3402}},"20":{"start":{"line":112,"column":16},"end":{"line":112,"column":3571}},"21":{"start":{"line":119,"column":12},"end":{"line":119,"column":3746}},"22":{"start":{"line":120,"column":16},"end":{"line":120,"column":55}},"23":{"start":{"line":121,"column":16},"end":{"line":121,"column":60}},"24":{"start":{"line":128,"column":8},"end":{"line":128,"column":4023}},"25":{"start":{"line":129,"column":12},"end":{"line":129,"column":55}},"26":{"start":{"line":130,"column":12},"end":{"line":130,"column":62}},"27":{"start":{"line":131,"column":12},"end":{"line":131,"column":67}},"28":{"start":{"line":142,"column":8},"end":{"line":142,"column":42}},"29":{"start":{"line":146,"column":8},"end":{"line":146,"column":56}},"30":{"start":{"line":148,"column":8},"end":{"line":148,"column":39}},"31":{"start":{"line":149,"column":8},"end":{"line":149,"column":54}},"32":{"start":{"line":151,"column":8},"end":{"line":151,"column":4797}},"33":{"start":{"line":157,"column":8},"end":{"line":157,"column":67}},"34":{"start":{"line":159,"column":8},"end":{"line":159,"column":50}},"35":{"start":{"line":160,"column":8},"end":{"line":160,"column":5084}},"36":{"start":{"line":162,"column":12},"end":{"line":162,"column":28}},"37":{"start":{"line":167,"column":8},"end":{"line":167,"column":5267}},"38":{"start":{"line":168,"column":12},"end":{"line":168,"column":29}},"39":{"start":{"line":170,"column":8},"end":{"line":170,"column":54}},"40":{"start":{"line":171,"column":8},"end":{"line":171,"column":74}},"41":{"start":{"line":172,"column":8},"end":{"line":172,"column":68}},"42":{"start":{"line":173,"column":8},"end":{"line":173,"column":64}},"43":{"start":{"line":178,"column":8},"end":{"line":178,"column":64}},"44":{"start":{"line":179,"column":8},"end":{"line":179,"column":68}},"45":{"start":{"line":183,"column":8},"end":{"line":183,"column":51}},"46":{"start":{"line":185,"column":8},"end":{"line":185,"column":56}},"47":{"start":{"line":190,"column":8},"end":{"line":190,"column":76}},"48":{"start":{"line":192,"column":8},"end":{"line":192,"column":59}},"49":{"start":{"line":196,"column":8},"end":{"line":196,"column":57}},"50":{"start":{"line":197,"column":8},"end":{"line":197,"column":58}},"51":{"start":{"line":201,"column":8},"end":{"line":201,"column":55}},"52":{"start":{"line":205,"column":8},"end":{"line":205,"column":53}},"53":{"start":{"line":210,"column":8},"end":{"line":210,"column":28}},"54":{"start":{"line":214,"column":8},"end":{"line":214,"column":40}},"55":{"start":{"line":218,"column":8},"end":{"line":218,"column":22}},"56":{"start":{"line":222,"column":8},"end":{"line":222,"column":24}},"57":{"start":{"line":226,"column":8},"end":{"line":226,"column":33}},"58":{"start":{"line":230,"column":8},"end":{"line":230,"column":49}},"59":{"start":{"line":234,"column":8},"end":{"line":234,"column":30}}},"branchMap":{"1":{"line":41,"type":"if","locations":[{"start":{"line":41,"column":8},"end":{"line":41,"column":8}},{"start":{"line":41,"column":8},"end":{"line":41,"column":8}}]},"2":{"line":42,"type":"if","locations":[{"start":{"line":42,"column":8},"end":{"line":42,"column":8}},{"start":{"line":42,"column":8},"end":{"line":42,"column":8}}]},"3":{"line":52,"type":"if","locations":[{"start":{"line":52,"column":8},"end":{"line":52,"column":8}},{"start":{"line":52,"column":8},"end":{"line":52,"column":8}}]},"4":{"line":57,"type":"if","locations":[{"start":{"line":57,"column":8},"end":{"line":57,"column":8}},{"start":{"line":57,"column":8},"end":{"line":57,"column":8}}]},"5":{"line":62,"type":"if","locations":[{"start":{"line":62,"column":8},"end":{"line":62,"column":8}},{"start":{"line":62,"column":8},"end":{"line":62,"column":8}}]},"6":{"line":63,"type":"cond-expr","locations":[{"start":{"line":63,"column":12},"end":{"line":63,"column":32}},{"start":{"line":63,"column":37},"end":{"line":63,"column":48}}]},"7":{"line":70,"type":"if","locations":[{"start":{"line":70,"column":50},"end":{"line":70,"column":50}},{"start":{"line":70,"column":50},"end":{"line":70,"column":50}}]},"8":{"line":71,"type":"if","locations":[{"start":{"line":71,"column":8},"end":{"line":71,"column":8}},{"start":{"line":71,"column":8},"end":{"line":71,"column":8}}]},"9":{"line":81,"type":"if","locations":[{"start":{"line":81,"column":8},"end":{"line":81,"column":8}},{"start":{"line":81,"column":8},"end":{"line":81,"column":8}}]},"10":{"line":82,"type":"if","locations":[{"start":{"line":82,"column":8},"end":{"line":82,"column":8}},{"start":{"line":82,"column":8},"end":{"line":82,"column":8}}]},"11":{"line":83,"type":"if","locations":[{"start":{"line":83,"column":8},"end":{"line":83,"column":8}},{"start":{"line":83,"column":8},"end":{"line":83,"column":8}}]},"12":{"line":85,"type":"if","locations":[{"start":{"line":85,"column":8},"end":{"line":85,"column":8}},{"start":{"line":85,"column":8},"end":{"line":85,"column":8}}]},"13":{"line":86,"type":"cond-expr","locations":[{"start":{"line":86,"column":12},"end":{"line":86,"column":31}},{"start":{"line":86,"column":36},"end":{"line":86,"column":54}}]},"14":{"line":102,"type":"if","locations":[{"start":{"line":102,"column":12},"end":{"line":102,"column":12}},{"start":{"line":102,"column":12},"end":{"line":102,"column":12}}]},"15":{"line":109,"type":"if","locations":[{"start":{"line":109,"column":12},"end":{"line":109,"column":12}},{"start":{"line":109,"column":12},"end":{"line":109,"column":12}}]},"16":{"line":119,"type":"if","locations":[{"start":{"line":119,"column":12},"end":{"line":119,"column":12}},{"start":{"line":119,"column":12},"end":{"line":119,"column":12}}]},"17":{"line":145,"type":"if","locations":[{"start":{"line":145,"column":36},"end":{"line":145,"column":36}},{"start":{"line":145,"column":36},"end":{"line":145,"column":36}}]},"18":{"line":146,"type":"if","locations":[{"start":{"line":146,"column":8},"end":{"line":146,"column":8}},{"start":{"line":146,"column":8},"end":{"line":146,"column":8}}]},"19":{"line":151,"type":"if","locations":[{"start":{"line":151,"column":8},"end":{"line":151,"column":8}},{"start":{"line":151,"column":8},"end":{"line":151,"column":8}}]},"20":{"line":160,"type":"if","locations":[{"start":{"line":160,"column":8},"end":{"line":160,"column":8}},{"start":{"line":160,"column":8},"end":{"line":160,"column":8}}]},"21":{"line":167,"type":"if","locations":[{"start":{"line":167,"column":8},"end":{"line":167,"column":8}},{"start":{"line":167,"column":8},"end":{"line":167,"column":8}}]},"22":{"line":173,"type":"if","locations":[{"start":{"line":173,"column":41},"end":{"line":173,"column":48}},{"start":{"line":173,"column":52},"end":{"line":173,"column":63}}]},"23":{"line":177,"type":"if","locations":[{"start":{"line":177,"column":39},"end":{"line":177,"column":39}},{"start":{"line":177,"column":39},"end":{"line":177,"column":39}}]},"24":{"line":177,"type":"if","locations":[{"start":{"line":177,"column":56},"end":{"line":177,"column":56}},{"start":{"line":177,"column":56},"end":{"line":177,"column":56}}]},"25":{"line":179,"type":"if","locations":[{"start":{"line":179,"column":8},"end":{"line":179,"column":8}},{"start":{"line":179,"column":8},"end":{"line":179,"column":8}}]},"26":{"line":189,"type":"if","locations":[{"start":{"line":189,"column":38},"end":{"line":189,"column":38}},{"start":{"line":189,"column":38},"end":{"line":189,"column":38}}]},"27":{"line":189,"type":"if","locations":[{"start":{"line":189,"column":48},"end":{"line":189,"column":48}},{"start":{"line":189,"column":48},"end":{"line":189,"column":48}}]},"28":{"line":192,"type":"if","locations":[{"start":{"line":192,"column":8},"end":{"line":192,"column":8}},{"start":{"line":192,"column":8},"end":{"line":192,"column":8}}]},"29":{"line":197,"type":"if","locations":[{"start":{"line":197,"column":8},"end":{"line":197,"column":8}},{"start":{"line":197,"column":8},"end":{"line":197,"column":8}}]},"30":{"line":201,"type":"if","locations":[{"start":{"line":201,"column":43},"end":{"line":201,"column":46}},{"start":{"line":201,"column":50},"end":{"line":201,"column":54}}]},"31":{"line":205,"type":"if","locations":[{"start":{"line":205,"column":41},"end":{"line":205,"column":44}},{"start":{"line":205,"column":48},"end":{"line":205,"column":52}}]},"32":{"line":213,"type":"if","locations":[{"start":{"line":213,"column":44},"end":{"line":213,"column":44}},{"start":{"line":213,"column":44},"end":{"line":213,"column":44}}]}}},"contracts\\Migration.sol":{"l":{"9":0,"13":0,"17":0},"path":"C:\\Users\\jin_c\\Desktop\\NTU\\Sem4.1\\SC4053-BLOCKCHAIN TECHNOLOGY\\Dev_Project\\Dutch_Auction_Dev\\dutch-auction-contracts\\contracts\\Migration.sol","s":{"1":0},"b":{"1":[0,0],"2":[0,0]},"f":{"1":0,"2":0},"fnMap":{"1":{"name":"restricted","line":8,"loc":{"start":{"line":8,"column":4},"end":{"line":14,"column":4}}},"2":{"name":"setCompleted","line":16,"loc":{"start":{"line":16,"column":4},"end":{"line":18,"column":4}}}},"statementMap":{"1":{"start":{"line":9,"column":8},"end":{"line":9,"column":215}}},"branchMap":{"1":{"line":9,"type":"if","locations":[{"start":{"line":9,"column":8},"end":{"line":9,"column":8}},{"start":{"line":9,"column":8},"end":{"line":9,"column":8}}]},"2":{"line":16,"type":"if","locations":[{"start":{"line":16,"column":49},"end":{"line":16,"column":49}},{"start":{"line":16,"column":49},"end":{"line":16,"column":49}}]}}}}